2018-08-30 15:21:27  [ main:0 ] - [ INFO ]  Loading XML bean definitions from class path resource [applicationContext.xml]
2018-08-30 15:21:30  [ main:2834 ] - [ INFO ]  Overriding bean definition for bean 'delCallingTimeTask': replacing [Generic bean: class [com.boyue.karaoke.service.impl.DelCallingTimeTask]; scope=singleton; abstract=false; lazyInit=false; autowireMode=0; dependencyCheck=0; autowireCandidate=true; primary=false; factoryBeanName=null; factoryMethodName=null; initMethodName=null; destroyMethodName=null; defined in file [E:\workingpaper\work3\newspa\WebRoot\WEB-INF\classes\com\boyue\karaoke\service\impl\DelCallingTimeTask.class]] with [Generic bean: class [com.boyue.karaoke.service.impl.DelCallingTimeTask]; scope=; abstract=false; lazyInit=false; autowireMode=0; dependencyCheck=0; autowireCandidate=true; primary=false; factoryBeanName=null; factoryMethodName=null; initMethodName=null; destroyMethodName=null; defined in class path resource [applicationContext.xml]]
2018-08-30 15:21:30  [ main:2855 ] - [ INFO ]  Loading XML bean definitions from class path resource [static_resource.xml]
2018-08-30 15:21:30  [ main:2927 ] - [ INFO ]  Refreshing org.springframework.context.support.GenericApplicationContext@6a4f787b: startup date [Thu Aug 30 15:21:30 CST 2018]; root of context hierarchy
2018-08-30 15:21:31  [ main:3604 ] - [ INFO ]  Loading properties file from class path resource [db_config.properties]
2018-08-30 15:21:32  [ main:4718 ] - [ INFO ]  HCANN000001: Hibernate Commons Annotations {4.0.4.Final}
2018-08-30 15:21:32  [ main:4739 ] - [ INFO ]  HHH000412: Hibernate Core {4.3.1.Final}
2018-08-30 15:21:32  [ main:4744 ] - [ INFO ]  HHH000206: hibernate.properties not found
2018-08-30 15:21:32  [ main:4745 ] - [ INFO ]  HHH000021: Bytecode provider name : javassist
2018-08-30 15:21:32  [ main:4909 ] - [ WARN ]  HHH000223: Recognized obsolete hibernate namespace http://hibernate.sourceforge.net/. Use namespace http://www.hibernate.org/dtd/ instead. Refer to Hibernate 3.6 Migration Guide!
2018-08-30 15:21:32  [ main:4979 ] - [ WARN ]  HHH000223: Recognized obsolete hibernate namespace http://hibernate.sourceforge.net/. Use namespace http://www.hibernate.org/dtd/ instead. Refer to Hibernate 3.6 Migration Guide!
2018-08-30 15:21:32  [ main:5003 ] - [ WARN ]  HHH000223: Recognized obsolete hibernate namespace http://hibernate.sourceforge.net/. Use namespace http://www.hibernate.org/dtd/ instead. Refer to Hibernate 3.6 Migration Guide!
2018-08-30 15:21:32  [ main:5023 ] - [ WARN ]  HHH000223: Recognized obsolete hibernate namespace http://hibernate.sourceforge.net/. Use namespace http://www.hibernate.org/dtd/ instead. Refer to Hibernate 3.6 Migration Guide!
2018-08-30 15:21:32  [ main:5052 ] - [ WARN ]  HHH000223: Recognized obsolete hibernate namespace http://hibernate.sourceforge.net/. Use namespace http://www.hibernate.org/dtd/ instead. Refer to Hibernate 3.6 Migration Guide!
2018-08-30 15:21:32  [ main:5066 ] - [ WARN ]  HHH000223: Recognized obsolete hibernate namespace http://hibernate.sourceforge.net/. Use namespace http://www.hibernate.org/dtd/ instead. Refer to Hibernate 3.6 Migration Guide!
2018-08-30 15:21:32  [ main:5091 ] - [ WARN ]  HHH000223: Recognized obsolete hibernate namespace http://hibernate.sourceforge.net/. Use namespace http://www.hibernate.org/dtd/ instead. Refer to Hibernate 3.6 Migration Guide!
2018-08-30 15:21:32  [ main:5141 ] - [ WARN ]  HHH000223: Recognized obsolete hibernate namespace http://hibernate.sourceforge.net/. Use namespace http://www.hibernate.org/dtd/ instead. Refer to Hibernate 3.6 Migration Guide!
2018-08-30 15:21:32  [ main:5161 ] - [ WARN ]  HHH000223: Recognized obsolete hibernate namespace http://hibernate.sourceforge.net/. Use namespace http://www.hibernate.org/dtd/ instead. Refer to Hibernate 3.6 Migration Guide!
2018-08-30 15:21:32  [ main:5192 ] - [ WARN ]  HHH000223: Recognized obsolete hibernate namespace http://hibernate.sourceforge.net/. Use namespace http://www.hibernate.org/dtd/ instead. Refer to Hibernate 3.6 Migration Guide!
2018-08-30 15:21:32  [ main:5225 ] - [ WARN ]  HHH000223: Recognized obsolete hibernate namespace http://hibernate.sourceforge.net/. Use namespace http://www.hibernate.org/dtd/ instead. Refer to Hibernate 3.6 Migration Guide!
2018-08-30 15:21:32  [ main:5315 ] - [ WARN ]  HHH000223: Recognized obsolete hibernate namespace http://hibernate.sourceforge.net/. Use namespace http://www.hibernate.org/dtd/ instead. Refer to Hibernate 3.6 Migration Guide!
2018-08-30 15:21:32  [ main:5366 ] - [ WARN ]  HHH000223: Recognized obsolete hibernate namespace http://hibernate.sourceforge.net/. Use namespace http://www.hibernate.org/dtd/ instead. Refer to Hibernate 3.6 Migration Guide!
2018-08-30 15:21:32  [ main:5398 ] - [ WARN ]  HHH000223: Recognized obsolete hibernate namespace http://hibernate.sourceforge.net/. Use namespace http://www.hibernate.org/dtd/ instead. Refer to Hibernate 3.6 Migration Guide!
2018-08-30 15:21:32  [ main:5416 ] - [ WARN ]  HHH000223: Recognized obsolete hibernate namespace http://hibernate.sourceforge.net/. Use namespace http://www.hibernate.org/dtd/ instead. Refer to Hibernate 3.6 Migration Guide!
2018-08-30 15:21:32  [ main:5447 ] - [ WARN ]  HHH000223: Recognized obsolete hibernate namespace http://hibernate.sourceforge.net/. Use namespace http://www.hibernate.org/dtd/ instead. Refer to Hibernate 3.6 Migration Guide!
2018-08-30 15:21:32  [ main:5467 ] - [ WARN ]  HHH000223: Recognized obsolete hibernate namespace http://hibernate.sourceforge.net/. Use namespace http://www.hibernate.org/dtd/ instead. Refer to Hibernate 3.6 Migration Guide!
2018-08-30 15:21:33  [ main:5509 ] - [ WARN ]  HHH000223: Recognized obsolete hibernate namespace http://hibernate.sourceforge.net/. Use namespace http://www.hibernate.org/dtd/ instead. Refer to Hibernate 3.6 Migration Guide!
2018-08-30 15:21:33  [ main:5532 ] - [ WARN ]  HHH000223: Recognized obsolete hibernate namespace http://hibernate.sourceforge.net/. Use namespace http://www.hibernate.org/dtd/ instead. Refer to Hibernate 3.6 Migration Guide!
2018-08-30 15:21:33  [ main:5557 ] - [ WARN ]  HHH000223: Recognized obsolete hibernate namespace http://hibernate.sourceforge.net/. Use namespace http://www.hibernate.org/dtd/ instead. Refer to Hibernate 3.6 Migration Guide!
2018-08-30 15:21:33  [ main:5563 ] - [ WARN ]  HHH000223: Recognized obsolete hibernate namespace http://hibernate.sourceforge.net/. Use namespace http://www.hibernate.org/dtd/ instead. Refer to Hibernate 3.6 Migration Guide!
2018-08-30 15:21:33  [ main:5568 ] - [ WARN ]  HHH000223: Recognized obsolete hibernate namespace http://hibernate.sourceforge.net/. Use namespace http://www.hibernate.org/dtd/ instead. Refer to Hibernate 3.6 Migration Guide!
2018-08-30 15:21:33  [ main:5577 ] - [ WARN ]  HHH000223: Recognized obsolete hibernate namespace http://hibernate.sourceforge.net/. Use namespace http://www.hibernate.org/dtd/ instead. Refer to Hibernate 3.6 Migration Guide!
2018-08-30 15:21:33  [ main:5586 ] - [ WARN ]  HHH000223: Recognized obsolete hibernate namespace http://hibernate.sourceforge.net/. Use namespace http://www.hibernate.org/dtd/ instead. Refer to Hibernate 3.6 Migration Guide!
2018-08-30 15:21:33  [ main:5601 ] - [ WARN ]  HHH000223: Recognized obsolete hibernate namespace http://hibernate.sourceforge.net/. Use namespace http://www.hibernate.org/dtd/ instead. Refer to Hibernate 3.6 Migration Guide!
2018-08-30 15:21:33  [ main:5616 ] - [ WARN ]  HHH000223: Recognized obsolete hibernate namespace http://hibernate.sourceforge.net/. Use namespace http://www.hibernate.org/dtd/ instead. Refer to Hibernate 3.6 Migration Guide!
2018-08-30 15:21:33  [ main:5647 ] - [ WARN ]  HHH000223: Recognized obsolete hibernate namespace http://hibernate.sourceforge.net/. Use namespace http://www.hibernate.org/dtd/ instead. Refer to Hibernate 3.6 Migration Guide!
2018-08-30 15:21:33  [ main:5664 ] - [ WARN ]  HHH000223: Recognized obsolete hibernate namespace http://hibernate.sourceforge.net/. Use namespace http://www.hibernate.org/dtd/ instead. Refer to Hibernate 3.6 Migration Guide!
2018-08-30 15:21:33  [ main:5708 ] - [ WARN ]  HHH000223: Recognized obsolete hibernate namespace http://hibernate.sourceforge.net/. Use namespace http://www.hibernate.org/dtd/ instead. Refer to Hibernate 3.6 Migration Guide!
2018-08-30 15:21:33  [ main:5717 ] - [ WARN ]  HHH000223: Recognized obsolete hibernate namespace http://hibernate.sourceforge.net/. Use namespace http://www.hibernate.org/dtd/ instead. Refer to Hibernate 3.6 Migration Guide!
2018-08-30 15:21:33  [ main:5722 ] - [ WARN ]  HHH000223: Recognized obsolete hibernate namespace http://hibernate.sourceforge.net/. Use namespace http://www.hibernate.org/dtd/ instead. Refer to Hibernate 3.6 Migration Guide!
2018-08-30 15:21:33  [ main:5729 ] - [ WARN ]  HHH000223: Recognized obsolete hibernate namespace http://hibernate.sourceforge.net/. Use namespace http://www.hibernate.org/dtd/ instead. Refer to Hibernate 3.6 Migration Guide!
2018-08-30 15:21:33  [ main:5737 ] - [ WARN ]  HHH000223: Recognized obsolete hibernate namespace http://hibernate.sourceforge.net/. Use namespace http://www.hibernate.org/dtd/ instead. Refer to Hibernate 3.6 Migration Guide!
2018-08-30 15:21:33  [ main:5750 ] - [ WARN ]  HHH000223: Recognized obsolete hibernate namespace http://hibernate.sourceforge.net/. Use namespace http://www.hibernate.org/dtd/ instead. Refer to Hibernate 3.6 Migration Guide!
2018-08-30 15:21:33  [ main:5774 ] - [ WARN ]  HHH000223: Recognized obsolete hibernate namespace http://hibernate.sourceforge.net/. Use namespace http://www.hibernate.org/dtd/ instead. Refer to Hibernate 3.6 Migration Guide!
2018-08-30 15:21:33  [ main:5787 ] - [ WARN ]  HHH000223: Recognized obsolete hibernate namespace http://hibernate.sourceforge.net/. Use namespace http://www.hibernate.org/dtd/ instead. Refer to Hibernate 3.6 Migration Guide!
2018-08-30 15:21:33  [ main:5804 ] - [ WARN ]  HHH000223: Recognized obsolete hibernate namespace http://hibernate.sourceforge.net/. Use namespace http://www.hibernate.org/dtd/ instead. Refer to Hibernate 3.6 Migration Guide!
2018-08-30 15:21:33  [ main:5812 ] - [ WARN ]  HHH000223: Recognized obsolete hibernate namespace http://hibernate.sourceforge.net/. Use namespace http://www.hibernate.org/dtd/ instead. Refer to Hibernate 3.6 Migration Guide!
2018-08-30 15:21:33  [ main:5837 ] - [ WARN ]  HHH000223: Recognized obsolete hibernate namespace http://hibernate.sourceforge.net/. Use namespace http://www.hibernate.org/dtd/ instead. Refer to Hibernate 3.6 Migration Guide!
2018-08-30 15:21:33  [ main:5849 ] - [ WARN ]  HHH000223: Recognized obsolete hibernate namespace http://hibernate.sourceforge.net/. Use namespace http://www.hibernate.org/dtd/ instead. Refer to Hibernate 3.6 Migration Guide!
2018-08-30 15:21:33  [ main:5859 ] - [ WARN ]  HHH000223: Recognized obsolete hibernate namespace http://hibernate.sourceforge.net/. Use namespace http://www.hibernate.org/dtd/ instead. Refer to Hibernate 3.6 Migration Guide!
2018-08-30 15:21:33  [ main:5883 ] - [ WARN ]  HHH000223: Recognized obsolete hibernate namespace http://hibernate.sourceforge.net/. Use namespace http://www.hibernate.org/dtd/ instead. Refer to Hibernate 3.6 Migration Guide!
2018-08-30 15:21:33  [ main:5906 ] - [ WARN ]  HHH000223: Recognized obsolete hibernate namespace http://hibernate.sourceforge.net/. Use namespace http://www.hibernate.org/dtd/ instead. Refer to Hibernate 3.6 Migration Guide!
2018-08-30 15:21:33  [ main:5913 ] - [ WARN ]  HHH000223: Recognized obsolete hibernate namespace http://hibernate.sourceforge.net/. Use namespace http://www.hibernate.org/dtd/ instead. Refer to Hibernate 3.6 Migration Guide!
2018-08-30 15:21:33  [ main:5923 ] - [ WARN ]  HHH000223: Recognized obsolete hibernate namespace http://hibernate.sourceforge.net/. Use namespace http://www.hibernate.org/dtd/ instead. Refer to Hibernate 3.6 Migration Guide!
2018-08-30 15:21:33  [ main:5933 ] - [ WARN ]  HHH000223: Recognized obsolete hibernate namespace http://hibernate.sourceforge.net/. Use namespace http://www.hibernate.org/dtd/ instead. Refer to Hibernate 3.6 Migration Guide!
2018-08-30 15:21:33  [ main:5947 ] - [ WARN ]  HHH000223: Recognized obsolete hibernate namespace http://hibernate.sourceforge.net/. Use namespace http://www.hibernate.org/dtd/ instead. Refer to Hibernate 3.6 Migration Guide!
2018-08-30 15:21:34  [ main:6725 ] - [ INFO ]  HHH000400: Using dialect: org.hibernate.dialect.MySQLDialect
2018-08-30 15:21:34  [ main:6932 ] - [ INFO ]  HHH000399: Using default transaction strategy (direct JDBC transactions)
2018-08-30 15:21:34  [ main:6953 ] - [ INFO ]  HHH000397: Using ASTQueryTranslatorFactory
2018-08-30 15:21:37  [ main:9758 ] - [ INFO ]  Using DataSource [org.apache.commons.dbcp.BasicDataSource@bcb09a6] of Hibernate SessionFactory for HibernateTransactionManager
2018-08-30 15:21:38  [ Thread-1:11193 ] - [ INFO ]  Closing org.springframework.context.support.GenericApplicationContext@6a4f787b: startup date [Thu Aug 30 15:21:30 CST 2018]; root of context hierarchy
